<?xml version="1.0" encoding="UTF-8"?>
<testng-results ignored="0" total="1" passed="1" failed="0" skipped="0">
  <reporter-output>
  </reporter-output>
  <suite started-at="2025-02-02T19:45:59 IST" name="Default suite" finished-at="2025-02-02T19:45:59 IST" duration-ms="67">
    <groups>
    </groups>
    <test started-at="2025-02-02T19:45:59 IST" name="Default test" finished-at="2025-02-02T19:45:59 IST" duration-ms="67">
      <class name="TestJava.TestClass">
        <test-method signature="a()[pri:0, instance:TestJava.TestClass@6e4784bc]" started-at="2025-02-02T19:45:59 IST" name="a" finished-at="2025-02-02T19:45:59 IST" duration-ms="14" status="PASS">
          <reporter-output>
          </reporter-output>
        </test-method> <!-- a -->
      </class> <!-- TestJava.TestClass -->
    </test> <!-- Default test -->
  </suite> <!-- Default suite -->
</testng-results>
